<?xml version="1.0" encoding="UTF-8"?>
<testng-results skipped="0" failed="0" ignored="0" total="2" passed="2">
  <reporter-output>
  </reporter-output>
  <suite name="Suite" duration-ms="37" started-at="2019-05-10T17:11:06Z" finished-at="2019-05-10T17:11:06Z">
    <groups>
    </groups>
    <test name="Test" duration-ms="37" started-at="2019-05-10T17:11:06Z" finished-at="2019-05-10T17:11:06Z">
      <class name="demomaven.demomaven.NewTest">
        <test-method status="PASS" signature="f()[pri:0, instance:demomaven.demomaven.NewTest@3f3afe78]" name="f" duration-ms="5" started-at="2019-05-10T17:11:06Z" finished-at="2019-05-10T17:11:06Z">
          <reporter-output>
          </reporter-output>
        </test-method> <!-- f -->
      </class> <!-- demomaven.demomaven.NewTest -->
      <class name="demomaven.demomaven.NewTest2">
        <test-method status="PASS" signature="f()[pri:0, instance:demomaven.demomaven.NewTest2@7f63425a]" name="f" duration-ms="0" started-at="2019-05-10T17:11:06Z" finished-at="2019-05-10T17:11:06Z">
          <reporter-output>
          </reporter-output>
        </test-method> <!-- f -->
      </class> <!-- demomaven.demomaven.NewTest2 -->
    </test> <!-- Test -->
  </suite> <!-- Suite -->
</testng-results>
